Arguments: 
  D:\nodejs\node.exe D:\Yarn\bin\yarn.js init -- yes

PATH: 
  C:\Program Files (x86)\Common Files\Oracle\Java\javapath;C:\Program Files (x86)\Intel\iCLS Client\;C:\Program Files\Intel\iCLS Client\;C:\Windows\system32;C:\Windows;C:\Windows\System32\Wbem;C:\Windows\System32\WindowsPowerShell\v1.0\;C:\Program Files (x86)\NVIDIA Corporation\PhysX\Common;C:\Program Files (x86)\Intel\Intel(R) Management Engine Components\DAL;C:\Program Files\Intel\Intel(R) Management Engine Components\DAL;C:\Program Files (x86)\Intel\Intel(R) Management Engine Components\IPT;C:\Program Files\Intel\Intel(R) Management Engine Components\IPT;C:\Program Files\Intel\WiFi\bin\;C:\Program Files\Common Files\Intel\WirelessCommon\;D:\nodejs\;D:\Yarn\bin\;D:\Git\cmd;D:\Git\mingw64\bin;D:\Git\usr\bin;C:\WINDOWS\system32;C:\WINDOWS;C:\WINDOWS\System32\Wbem;C:\WINDOWS\System32\WindowsPowerShell\v1.0\;C:\Users\khafi\AppData\Local\Microsoft\WindowsApps;C:\Users\khafi\AppData\Roaming\npm;C:\Users\khafi\AppData\Local\Yarn\bin;

Yarn version: 
  1.6.0

Node version: 
  8.11.1

Platform: 
  win32 x64

Trace: 
  SyntaxError: C:\Users\khafi\WebstormProjects\untitled\package.json: Unexpected token / in JSON at position 24
      at JSON.parse (<anonymous>)
      at D:\Yarn\lib\cli.js:1130:59
      at Generator.next (<anonymous>)
      at step (D:\Yarn\lib\cli.js:98:30)
      at D:\Yarn\lib\cli.js:109:13
      at <anonymous>

npm manifest: 
  {
    "name": "untitled", //yarn init --yes
    "version": "1.0.0",
    "main": "index.js",
    "license": "MIT",
    "xo": {
      "envs": [
        "node" //je travaille sur du node
      ],
      "space": 2, //identation avec 2 espaces
      "rules": {
        "max-len": [ //chaque ligne fait 80 colonnes
          "error",
          80, // limiter le nombre de lignes a 80
          2
        ]
      }
    }
  }

yarn manifest: 
  No manifest

Lockfile: 
  No lockfile
